<?xml version="1.0" encoding="UTF-8"?>
<!-- Generated by org.testng.reporters.JUnitReportReporter -->
<testsuite hostname="DESKTOP-QJE7IMO" failures="0" tests="1" name="sampledemo.RoboImage" time="25.204" errors="0" timestamp="2023-12-29T16:59:08 IST" skipped="0">
  <testcase classname="sampledemo.RoboImage" name="chooseFile" time="25.204"/>
  <system-out/>
</testsuite> <!-- sampledemo.RoboImage -->
