<?xml version="1.0" encoding="UTF-8"?>
<!-- Generated by org.testng.reporters.JUnitReportReporter -->
<testsuite hostname="DESKTOP-QJE7IMO" failures="0" tests="1" name="sampledemo.RobotclassDemo" time="24.212" errors="0" timestamp="2023-12-29T15:55:28 IST" skipped="0">
  <testcase classname="sampledemo.RobotclassDemo" name="f" time="24.212"/>
  <system-out/>
</testsuite> <!-- sampledemo.RobotclassDemo -->
